android/app/build/intermediates/manifest_merge_blame_file/debug/manifest-merger-blame-debug-report.txt
1<?xml version="1.0" encoding="utf-8"?>
2<manifest xmlns:android="http://schemas.android.com/apk/res/android"
3    package="com.george.trena"
4    android:versionCode="1"
5    android:versionName="1.0.0" >
6
7    <uses-sdk
8        android:minSdkVersion="21"
9        android:targetSdkVersion="31" />
10
11    <uses-permission android:name="android.permission.SYSTEM_ALERT_WINDOW" />
11-->src/main/AndroidManifest.xml:9:3-75
11-->src/main/AndroidManifest.xml:9:20-73
12    <uses-permission android:name="android.permission.ACCESS_COARSE_LOCATION" />
12-->src/main/AndroidManifest.xml:2:3-78
12-->src/main/AndroidManifest.xml:2:20-76
13    <uses-permission android:name="android.permission.ACCESS_FINE_LOCATION" />
13-->src/main/AndroidManifest.xml:3:3-76
13-->src/main/AndroidManifest.xml:3:20-74
14    <uses-permission android:name="android.permission.CAMERA" />
14-->src/main/AndroidManifest.xml:4:3-62
14-->src/main/AndroidManifest.xml:4:20-60
15    <uses-permission android:name="android.permission.FOREGROUND_SERVICE" />
15-->src/main/AndroidManifest.xml:5:3-74
15-->src/main/AndroidManifest.xml:5:20-72
16    <uses-permission android:name="android.permission.INTERNET" />
16-->src/main/AndroidManifest.xml:6:3-64
16-->src/main/AndroidManifest.xml:6:20-62
17    <uses-permission android:name="android.permission.READ_EXTERNAL_STORAGE" />
17-->src/main/AndroidManifest.xml:7:3-77
17-->src/main/AndroidManifest.xml:7:20-75
18    <uses-permission android:name="android.permission.RECORD_AUDIO" />
18-->src/main/AndroidManifest.xml:8:3-68
18-->src/main/AndroidManifest.xml:8:20-66
19    <uses-permission android:name="android.permission.VIBRATE" />
19-->src/main/AndroidManifest.xml:10:3-63
19-->src/main/AndroidManifest.xml:10:20-61
20    <uses-permission android:name="android.permission.WRITE_EXTERNAL_STORAGE" />
20-->src/main/AndroidManifest.xml:11:3-78
20-->src/main/AndroidManifest.xml:11:20-76
21
22    <queries>
22-->src/main/AndroidManifest.xml:12:3-18:13
23        <intent>
23-->src/main/AndroidManifest.xml:13:5-17:14
24            <action android:name="android.intent.action.VIEW" />
24-->src/main/AndroidManifest.xml:14:7-58
24-->src/main/AndroidManifest.xml:14:15-56
25
26            <category android:name="android.intent.category.BROWSABLE" />
26-->src/main/AndroidManifest.xml:15:7-67
26-->src/main/AndroidManifest.xml:15:17-65
27
28            <data android:scheme="https" />
28-->src/main/AndroidManifest.xml:16:7-37
28-->src/main/AndroidManifest.xml:16:13-35
29        </intent>
30        <!-- Query open documents -->
31        <intent>
31-->[:expo-file-system] AndroidManifest.xml:17:9-19:18
32            <action android:name="android.intent.action.OPEN_DOCUMENT_TREE" />
32-->[:expo-file-system] AndroidManifest.xml:18:13-79
32-->[:expo-file-system] AndroidManifest.xml:18:21-76
33        </intent>
34        <intent>
34-->[:expo-image-picker] AndroidManifest.xml:16:9-20:18
35
36            <!-- Required for picking images from the camera roll if targeting API 30 -->
37            <action android:name="android.media.action.IMAGE_CAPTURE" />
37-->[:expo-image-picker] AndroidManifest.xml:19:13-73
37-->[:expo-image-picker] AndroidManifest.xml:19:21-70
38        </intent>
39        <intent>
39-->[:expo-image-picker] AndroidManifest.xml:21:9-25:18
40
41            <!-- Required for picking images from the camera if targeting API 30 -->
42            <action android:name="android.media.action.ACTION_VIDEO_CAPTURE" />
42-->[:expo-image-picker] AndroidManifest.xml:24:13-80
42-->[:expo-image-picker] AndroidManifest.xml:24:21-77
43        </intent>
44        <intent>
44-->[com.github.CanHub:Android-Image-Cropper:4.3.0] AndroidManifest.xml:10:9-16:18
45            <action android:name="android.intent.action.GET_CONTENT" />
45-->[com.github.CanHub:Android-Image-Cropper:4.3.0] AndroidManifest.xml:11:13-72
45-->[com.github.CanHub:Android-Image-Cropper:4.3.0] AndroidManifest.xml:11:21-69
46
47            <category android:name="android.intent.category.OPENABLE" />
47-->[com.github.CanHub:Android-Image-Cropper:4.3.0] AndroidManifest.xml:13:13-73
47-->[com.github.CanHub:Android-Image-Cropper:4.3.0] AndroidManifest.xml:13:23-70
48
49            <data android:mimeType="*/*" />
49-->src/main/AndroidManifest.xml:16:7-37
50        </intent> <!-- Needs to be explicitly declared on Android R+ -->
51        <package android:name="com.google.android.apps.maps" />
51-->[com.google.android.gms:play-services-maps:18.0.2] AndroidManifest.xml:33:9-64
51-->[com.google.android.gms:play-services-maps:18.0.2] AndroidManifest.xml:33:18-61
52    </queries>
53
54    <uses-permission android:name="android.permission.ACCESS_WIFI_STATE" />
54-->[com.facebook.flipper:flipper:0.125.0] AndroidManifest.xml:16:5-76
54-->[com.facebook.flipper:flipper:0.125.0] AndroidManifest.xml:16:22-73
55    <uses-permission android:name="android.permission.ACCESS_NETWORK_STATE" />
55-->[:react-native-community_netinfo] AndroidManifest.xml:9:5-79
55-->[:react-native-community_netinfo] AndroidManifest.xml:9:22-76
56    <uses-permission android:name="android.permission.RECEIVE_BOOT_COMPLETED" />
56-->[:expo-notifications] AndroidManifest.xml:9:5-81
56-->[:expo-notifications] AndroidManifest.xml:9:22-78
57
58    <uses-feature
58-->[com.google.android:cameraview:1.0.0] AndroidManifest.xml:25:5-27:36
59        android:name="android.hardware.camera"
59-->[com.google.android:cameraview:1.0.0] AndroidManifest.xml:26:9-47
60        android:required="false" />
60-->[com.google.android:cameraview:1.0.0] AndroidManifest.xml:27:9-33
61    <uses-feature
61-->[com.google.android:cameraview:1.0.0] AndroidManifest.xml:28:5-30:36
62        android:name="android.hardware.camera.autofocus"
62-->[com.google.android:cameraview:1.0.0] AndroidManifest.xml:29:9-57
63        android:required="false" />
63-->[com.google.android:cameraview:1.0.0] AndroidManifest.xml:30:9-33
64
65    <uses-permission android:name="android.permission.USE_BIOMETRIC" /> <!-- suppress DeprecatedClassUsageInspection -->
65-->[androidx.biometric:biometric:1.1.0] AndroidManifest.xml:24:5-72
65-->[androidx.biometric:biometric:1.1.0] AndroidManifest.xml:24:22-69
66    <uses-permission android:name="android.permission.USE_FINGERPRINT" />
66-->[androidx.biometric:biometric:1.1.0] AndroidManifest.xml:27:5-74
66-->[androidx.biometric:biometric:1.1.0] AndroidManifest.xml:27:22-71
67    <uses-permission android:name="android.permission.WAKE_LOCK" /> <!-- Required by older versions of Google Play services to create IID tokens -->
67-->[androidx.work:work-runtime:2.7.1] AndroidManifest.xml:25:5-68
67-->[androidx.work:work-runtime:2.7.1] AndroidManifest.xml:25:22-65
68    <uses-permission android:name="com.google.android.c2dm.permission.RECEIVE" />
68-->[com.google.firebase:firebase-messaging:22.0.0] AndroidManifest.xml:25:5-82
68-->[com.google.firebase:firebase-messaging:22.0.0] AndroidManifest.xml:25:22-79
69
70    <uses-feature
70-->[com.google.android.gms:play-services-maps:18.0.2] AndroidManifest.xml:26:5-28:35
71        android:glEsVersion="0x00020000"
71-->[com.google.android.gms:play-services-maps:18.0.2] AndroidManifest.xml:27:9-41
72        android:required="true" />
72-->[com.google.android.gms:play-services-maps:18.0.2] AndroidManifest.xml:28:9-32
73
74    <uses-permission android:name="com.google.android.finsky.permission.BIND_GET_INSTALL_REFERRER_SERVICE" />
74-->[com.android.installreferrer:installreferrer:1.0] AndroidManifest.xml:9:5-110
74-->[com.android.installreferrer:installreferrer:1.0] AndroidManifest.xml:9:22-107
75    <uses-permission android:name="com.google.android.providers.gsf.permission.READ_GSERVICES" />
75-->[io.nlopez.smartlocation:library:3.2.11] AndroidManifest.xml:15:5-98
75-->[io.nlopez.smartlocation:library:3.2.11] AndroidManifest.xml:15:22-95
76    <uses-permission android:name="com.google.android.gms.permission.ACTIVITY_RECOGNITION" /> <!-- for android -->
76-->[io.nlopez.smartlocation:library:3.2.11] AndroidManifest.xml:16:5-94
76-->[io.nlopez.smartlocation:library:3.2.11] AndroidManifest.xml:16:22-91
77    <!-- <uses-permission android:name="com.android.launcher.permission.READ_SETTINGS"/> -->
78    <!-- <uses-permission android:name="com.android.launcher.permission.WRITE_SETTINGS"/> -->
79    <!-- <uses-permission android:name="com.android.launcher.permission.INSTALL_SHORTCUT" /> -->
80    <!-- <uses-permission android:name="com.android.launcher.permission.UNINSTALL_SHORTCUT" /> -->
81    <!-- for Samsung -->
82    <uses-permission android:name="com.sec.android.provider.badge.permission.READ" />
82-->[me.leolin:ShortcutBadger:1.1.22] AndroidManifest.xml:19:5-86
82-->[me.leolin:ShortcutBadger:1.1.22] AndroidManifest.xml:19:22-83
83    <uses-permission android:name="com.sec.android.provider.badge.permission.WRITE" /> <!-- for htc -->
83-->[me.leolin:ShortcutBadger:1.1.22] AndroidManifest.xml:20:5-87
83-->[me.leolin:ShortcutBadger:1.1.22] AndroidManifest.xml:20:22-84
84    <uses-permission android:name="com.htc.launcher.permission.READ_SETTINGS" />
84-->[me.leolin:ShortcutBadger:1.1.22] AndroidManifest.xml:23:5-81
84-->[me.leolin:ShortcutBadger:1.1.22] AndroidManifest.xml:23:22-78
85    <uses-permission android:name="com.htc.launcher.permission.UPDATE_SHORTCUT" /> <!-- for sony -->
85-->[me.leolin:ShortcutBadger:1.1.22] AndroidManifest.xml:24:5-83
85-->[me.leolin:ShortcutBadger:1.1.22] AndroidManifest.xml:24:22-80
86    <uses-permission android:name="com.sonyericsson.home.permission.BROADCAST_BADGE" />
86-->[me.leolin:ShortcutBadger:1.1.22] AndroidManifest.xml:27:5-88
86-->[me.leolin:ShortcutBadger:1.1.22] AndroidManifest.xml:27:22-85
87    <uses-permission android:name="com.sonymobile.home.permission.PROVIDER_INSERT_BADGE" /> <!-- for apex -->
87-->[me.leolin:ShortcutBadger:1.1.22] AndroidManifest.xml:28:5-92
87-->[me.leolin:ShortcutBadger:1.1.22] AndroidManifest.xml:28:22-89
88    <uses-permission android:name="com.anddoes.launcher.permission.UPDATE_COUNT" /> <!-- for solid -->
88-->[me.leolin:ShortcutBadger:1.1.22] AndroidManifest.xml:31:5-84
88-->[me.leolin:ShortcutBadger:1.1.22] AndroidManifest.xml:31:22-81
89    <uses-permission android:name="com.majeur.launcher.permission.UPDATE_BADGE" /> <!-- for huawei -->
89-->[me.leolin:ShortcutBadger:1.1.22] AndroidManifest.xml:34:5-83
89-->[me.leolin:ShortcutBadger:1.1.22] AndroidManifest.xml:34:22-80
90    <uses-permission android:name="com.huawei.android.launcher.permission.CHANGE_BADGE" />
90-->[me.leolin:ShortcutBadger:1.1.22] AndroidManifest.xml:37:5-91
90-->[me.leolin:ShortcutBadger:1.1.22] AndroidManifest.xml:37:22-88
91    <uses-permission android:name="com.huawei.android.launcher.permission.READ_SETTINGS" />
91-->[me.leolin:ShortcutBadger:1.1.22] AndroidManifest.xml:38:5-92
91-->[me.leolin:ShortcutBadger:1.1.22] AndroidManifest.xml:38:22-89
92    <uses-permission android:name="com.huawei.android.launcher.permission.WRITE_SETTINGS" /> <!-- for ZUK -->
92-->[me.leolin:ShortcutBadger:1.1.22] AndroidManifest.xml:39:5-93
92-->[me.leolin:ShortcutBadger:1.1.22] AndroidManifest.xml:39:22-90
93    <uses-permission android:name="android.permission.READ_APP_BADGE" /> <!-- for OPPO -->
93-->[me.leolin:ShortcutBadger:1.1.22] AndroidManifest.xml:42:5-73
93-->[me.leolin:ShortcutBadger:1.1.22] AndroidManifest.xml:42:22-70
94    <uses-permission android:name="com.oppo.launcher.permission.READ_SETTINGS" />
94-->[me.leolin:ShortcutBadger:1.1.22] AndroidManifest.xml:45:5-82
94-->[me.leolin:ShortcutBadger:1.1.22] AndroidManifest.xml:45:22-79
95    <uses-permission android:name="com.oppo.launcher.permission.WRITE_SETTINGS" /> <!-- for EvMe -->
95-->[me.leolin:ShortcutBadger:1.1.22] AndroidManifest.xml:46:5-83
95-->[me.leolin:ShortcutBadger:1.1.22] AndroidManifest.xml:46:22-80
96    <uses-permission android:name="me.everything.badger.permission.BADGE_COUNT_READ" />
96-->[me.leolin:ShortcutBadger:1.1.22] AndroidManifest.xml:49:5-88
96-->[me.leolin:ShortcutBadger:1.1.22] AndroidManifest.xml:49:22-85
97    <uses-permission android:name="me.everything.badger.permission.BADGE_COUNT_WRITE" />
97-->[me.leolin:ShortcutBadger:1.1.22] AndroidManifest.xml:50:5-89
97-->[me.leolin:ShortcutBadger:1.1.22] AndroidManifest.xml:50:22-86
98
99    <application
99-->src/main/AndroidManifest.xml:19:3-40:17
100        android:name="com.george.trena.MainApplication"
100-->src/main/AndroidManifest.xml:19:16-47
101        android:allowBackup="true"
101-->src/main/AndroidManifest.xml:19:162-188
102        android:appComponentFactory="androidx.core.app.CoreComponentFactory"
102-->[androidx.core:core:1.7.0] AndroidManifest.xml:24:18-86
103        android:debuggable="true"
104        android:icon="@mipmap/ic_launcher"
104-->src/main/AndroidManifest.xml:19:81-115
105        android:label="@string/app_name"
105-->src/main/AndroidManifest.xml:19:48-80
106        android:roundIcon="@mipmap/ic_launcher_round"
106-->src/main/AndroidManifest.xml:19:116-161
107        android:theme="@style/AppTheme"
107-->src/main/AndroidManifest.xml:19:189-220
108        android:usesCleartextTraffic="true" >
108-->src/main/AndroidManifest.xml:19:221-256
109        <meta-data
109-->src/main/AndroidManifest.xml:20:5-136
110            android:name="expo.modules.notifications.default_notification_color"
110-->src/main/AndroidManifest.xml:20:16-84
111            android:resource="@color/notification_icon_color" />
111-->src/main/AndroidManifest.xml:20:85-134
112        <meta-data
112-->src/main/AndroidManifest.xml:21:5-132
113            android:name="expo.modules.notifications.default_notification_icon"
113-->src/main/AndroidManifest.xml:21:16-83
114            android:resource="@drawable/notification_icon" />
114-->src/main/AndroidManifest.xml:21:84-130
115        <meta-data
115-->src/main/AndroidManifest.xml:22:5-82
116            android:name="expo.modules.updates.ENABLED"
116-->src/main/AndroidManifest.xml:22:16-59
117            android:value="true" />
117-->src/main/AndroidManifest.xml:22:60-80
118        <meta-data
118-->src/main/AndroidManifest.xml:23:5-93
119            android:name="expo.modules.updates.EXPO_SDK_VERSION"
119-->src/main/AndroidManifest.xml:23:16-68
120            android:value="46.0.0" />
120-->src/main/AndroidManifest.xml:23:69-91
121        <meta-data
121-->src/main/AndroidManifest.xml:24:5-105
122            android:name="expo.modules.updates.EXPO_UPDATES_CHECK_ON_LAUNCH"
122-->src/main/AndroidManifest.xml:24:16-80
123            android:value="ALWAYS" />
123-->src/main/AndroidManifest.xml:24:81-103
124        <meta-data
124-->src/main/AndroidManifest.xml:25:5-99
125            android:name="expo.modules.updates.EXPO_UPDATES_LAUNCH_WAIT_MS"
125-->src/main/AndroidManifest.xml:25:16-79
126            android:value="0" />
126-->src/main/AndroidManifest.xml:25:80-97
127        <meta-data
127-->src/main/AndroidManifest.xml:26:5-119
128            android:name="expo.modules.updates.EXPO_UPDATE_URL"
128-->src/main/AndroidManifest.xml:26:16-67
129            android:value="https://exp.host/@fonseca90/Trena" />
129-->src/main/AndroidManifest.xml:26:68-117
130
131        <activity
131-->src/main/AndroidManifest.xml:27:5-38:16
132            android:name="com.george.trena.MainActivity"
132-->src/main/AndroidManifest.xml:27:15-43
133            android:configChanges="keyboard|keyboardHidden|orientation|screenSize|uiMode"
133-->src/main/AndroidManifest.xml:27:77-154
134            android:exported="true"
134-->src/main/AndroidManifest.xml:27:276-299
135            android:label="@string/app_name"
135-->src/main/AndroidManifest.xml:27:44-76
136            android:launchMode="singleTask"
136-->src/main/AndroidManifest.xml:27:155-186
137            android:screenOrientation="portrait"
137-->src/main/AndroidManifest.xml:27:300-336
138            android:theme="@style/Theme.App.SplashScreen"
138-->src/main/AndroidManifest.xml:27:230-275
139            android:windowSoftInputMode="adjustResize" >
139-->src/main/AndroidManifest.xml:27:187-229
140            <intent-filter>
140-->src/main/AndroidManifest.xml:28:7-31:23
141                <action android:name="android.intent.action.MAIN" />
141-->src/main/AndroidManifest.xml:29:9-60
141-->src/main/AndroidManifest.xml:29:17-58
142
143                <category android:name="android.intent.category.LAUNCHER" />
143-->src/main/AndroidManifest.xml:30:9-68
143-->src/main/AndroidManifest.xml:30:19-66
144            </intent-filter>
145            <intent-filter>
145-->src/main/AndroidManifest.xml:32:7-37:23
146                <action android:name="android.intent.action.VIEW" />
146-->src/main/AndroidManifest.xml:14:7-58
146-->src/main/AndroidManifest.xml:14:15-56
147
148                <category android:name="android.intent.category.DEFAULT" />
148-->src/main/AndroidManifest.xml:34:9-67
148-->src/main/AndroidManifest.xml:34:19-65
149                <category android:name="android.intent.category.BROWSABLE" />
149-->src/main/AndroidManifest.xml:15:7-67
149-->src/main/AndroidManifest.xml:15:17-65
150
151                <data android:scheme="com.george.trena" />
151-->src/main/AndroidManifest.xml:16:7-37
151-->src/main/AndroidManifest.xml:16:13-35
152            </intent-filter>
153        </activity>
154        <activity
154-->src/main/AndroidManifest.xml:39:5-106
155            android:name="com.facebook.react.devsupport.DevSettingsActivity"
155-->src/main/AndroidManifest.xml:39:15-79
156            android:exported="false" />
156-->src/main/AndroidManifest.xml:39:80-104
157
158        <provider
158-->[:expo-file-system] AndroidManifest.xml:23:9-32:20
159            android:name="expo.modules.filesystem.FileSystemFileProvider"
159-->[:expo-file-system] AndroidManifest.xml:24:13-74
160            android:authorities="com.george.trena.FileSystemFileProvider"
160-->[:expo-file-system] AndroidManifest.xml:25:13-74
161            android:exported="false"
161-->[:expo-file-system] AndroidManifest.xml:26:13-37
162            android:grantUriPermissions="true" >
162-->[:expo-file-system] AndroidManifest.xml:27:13-47
163            <meta-data
163-->[:expo-file-system] AndroidManifest.xml:29:13-31:70
164                android:name="android.support.FILE_PROVIDER_PATHS"
164-->[:expo-file-system] AndroidManifest.xml:30:17-67
165                android:resource="@xml/file_system_provider_paths" />
165-->[:expo-file-system] AndroidManifest.xml:31:17-67
166        </provider>
167
168        <activity
168-->[:expo-image-picker] AndroidManifest.xml:29:9-31:59
169            android:name="com.canhub.cropper.CropImageActivity"
169-->[:expo-image-picker] AndroidManifest.xml:30:13-64
170            android:exported="true"
170-->[com.github.CanHub:Android-Image-Cropper:4.3.0] AndroidManifest.xml:35:13-36
171            android:theme="@style/Base.Theme.AppCompat" /> <!-- https://developer.android.com/guide/topics/manifest/provider-element.html -->
171-->[:expo-image-picker] AndroidManifest.xml:31:13-56
172        <provider
172-->[:expo-image-picker] AndroidManifest.xml:33:9-41:20
173            android:name="expo.modules.imagepicker.fileprovider.ImagePickerFileProvider"
173-->[:expo-image-picker] AndroidManifest.xml:34:13-89
174            android:authorities="com.george.trena.ImagePickerFileProvider"
174-->[:expo-image-picker] AndroidManifest.xml:35:13-75
175            android:exported="false"
175-->[:expo-image-picker] AndroidManifest.xml:36:13-37
176            android:grantUriPermissions="true" >
176-->[:expo-image-picker] AndroidManifest.xml:37:13-47
177            <meta-data
177-->[:expo-file-system] AndroidManifest.xml:29:13-31:70
178                android:name="android.support.FILE_PROVIDER_PATHS"
178-->[:expo-file-system] AndroidManifest.xml:30:17-67
179                android:resource="@xml/image_picker_provider_paths" />
179-->[:expo-file-system] AndroidManifest.xml:31:17-67
180        </provider>
181
182        <service
182-->[:expo-location] AndroidManifest.xml:14:9-17:56
183            android:name="expo.modules.location.services.LocationTaskService"
183-->[:expo-location] AndroidManifest.xml:15:13-78
184            android:exported="false"
184-->[:expo-location] AndroidManifest.xml:16:13-37
185            android:foregroundServiceType="location" />
185-->[:expo-location] AndroidManifest.xml:17:13-53
186        <service
186-->[:expo-notifications] AndroidManifest.xml:12:9-18:19
187            android:name="expo.modules.notifications.service.ExpoFirebaseMessagingService"
187-->[:expo-notifications] AndroidManifest.xml:13:13-91
188            android:exported="false" >
188-->[:expo-notifications] AndroidManifest.xml:14:13-37
189            <intent-filter android:priority="-1" >
189-->[:expo-notifications] AndroidManifest.xml:15:13-17:29
189-->[:expo-notifications] AndroidManifest.xml:15:28-49
190                <action android:name="com.google.firebase.MESSAGING_EVENT" />
190-->[:expo-notifications] AndroidManifest.xml:16:17-78
190-->[:expo-notifications] AndroidManifest.xml:16:25-75
191            </intent-filter>
192        </service>
193
194        <receiver
194-->[:expo-notifications] AndroidManifest.xml:20:9-32:20
195            android:name="expo.modules.notifications.service.NotificationsService"
195-->[:expo-notifications] AndroidManifest.xml:21:13-83
196            android:enabled="true"
196-->[:expo-notifications] AndroidManifest.xml:22:13-35
197            android:exported="false" >
197-->[:expo-notifications] AndroidManifest.xml:23:13-37
198            <intent-filter android:priority="-1" >
198-->[:expo-notifications] AndroidManifest.xml:24:13-31:29
198-->[:expo-notifications] AndroidManifest.xml:24:28-49
199                <action android:name="expo.modules.notifications.NOTIFICATION_EVENT" />
199-->[:expo-notifications] AndroidManifest.xml:25:17-88
199-->[:expo-notifications] AndroidManifest.xml:25:25-85
200                <action android:name="android.intent.action.BOOT_COMPLETED" />
200-->[:expo-notifications] AndroidManifest.xml:26:17-79
200-->[:expo-notifications] AndroidManifest.xml:26:25-76
201                <action android:name="android.intent.action.REBOOT" />
201-->[:expo-notifications] AndroidManifest.xml:27:17-71
201-->[:expo-notifications] AndroidManifest.xml:27:25-68
202                <action android:name="android.intent.action.QUICKBOOT_POWERON" />
202-->[:expo-notifications] AndroidManifest.xml:28:17-82
202-->[:expo-notifications] AndroidManifest.xml:28:25-79
203                <action android:name="com.htc.intent.action.QUICKBOOT_POWERON" />
203-->[:expo-notifications] AndroidManifest.xml:29:17-82
203-->[:expo-notifications] AndroidManifest.xml:29:25-79
204                <action android:name="android.intent.action.MY_PACKAGE_REPLACED" />
204-->[:expo-notifications] AndroidManifest.xml:30:17-84
204-->[:expo-notifications] AndroidManifest.xml:30:25-81
205            </intent-filter>
206        </receiver>
207
208        <activity
208-->[:expo-notifications] AndroidManifest.xml:34:9-41:75
209            android:name="expo.modules.notifications.service.NotificationForwarderActivity"
209-->[:expo-notifications] AndroidManifest.xml:35:13-92
210            android:excludeFromRecents="true"
210-->[:expo-notifications] AndroidManifest.xml:36:13-46
211            android:exported="false"
211-->[:expo-notifications] AndroidManifest.xml:37:13-37
212            android:launchMode="standard"
212-->[:expo-notifications] AndroidManifest.xml:38:13-42
213            android:noHistory="true"
213-->[:expo-notifications] AndroidManifest.xml:39:13-37
214            android:taskAffinity=""
214-->[:expo-notifications] AndroidManifest.xml:40:13-36
215            android:theme="@android:style/Theme.Translucent.NoTitleBar" />
215-->[:expo-notifications] AndroidManifest.xml:41:13-72
216
217        <meta-data
217-->[:expo-modules-core] AndroidManifest.xml:10:9-12:89
218            android:name="org.unimodules.core.AppLoader#react-native-headless"
218-->[:expo-modules-core] AndroidManifest.xml:11:13-79
219            android:value="expo.modules.adapters.react.apploader.RNHeadlessAppLoader" />
219-->[:expo-modules-core] AndroidManifest.xml:12:13-86
220
221        <provider
221-->[com.github.CanHub:Android-Image-Cropper:4.3.0] AndroidManifest.xml:23:9-31:20
222            android:name="com.canhub.cropper.CropFileProvider"
222-->[com.github.CanHub:Android-Image-Cropper:4.3.0] AndroidManifest.xml:24:13-63
223            android:authorities="com.george.trena.cropper.fileprovider"
223-->[com.github.CanHub:Android-Image-Cropper:4.3.0] AndroidManifest.xml:25:13-72
224            android:exported="false"
224-->[com.github.CanHub:Android-Image-Cropper:4.3.0] AndroidManifest.xml:26:13-37
225            android:grantUriPermissions="true" >
225-->[com.github.CanHub:Android-Image-Cropper:4.3.0] AndroidManifest.xml:27:13-47
226            <meta-data
226-->[:expo-file-system] AndroidManifest.xml:29:13-31:70
227                android:name="android.support.FILE_PROVIDER_PATHS"
227-->[:expo-file-system] AndroidManifest.xml:30:17-67
228                android:resource="@xml/library_file_paths" />
228-->[:expo-file-system] AndroidManifest.xml:31:17-67
229        </provider> <!-- This is here because the library did not update yet to Android 12 so we force the exported value when merging manifests -->
230        <activity
230-->[com.github.CanHub:Android-Image-Cropper:4.3.0] AndroidManifest.xml:38:9-45:20
231            android:name="androidx.test.core.app.InstrumentationActivityInvoker$BootstrapActivity"
231-->[com.github.CanHub:Android-Image-Cropper:4.3.0] AndroidManifest.xml:39:13-99
232            android:exported="true"
232-->[com.github.CanHub:Android-Image-Cropper:4.3.0] AndroidManifest.xml:40:13-36
233            android:theme="@android:style/Theme" >
233-->[com.github.CanHub:Android-Image-Cropper:4.3.0] AndroidManifest.xml:41:13-49
234            <intent-filter>
234-->[com.github.CanHub:Android-Image-Cropper:4.3.0] AndroidManifest.xml:42:13-44:29
235                <action android:name="android.intent.action.MAIN" />
235-->src/main/AndroidManifest.xml:29:9-60
235-->src/main/AndroidManifest.xml:29:17-58
236            </intent-filter>
237        </activity>
238        <activity
238-->[com.github.CanHub:Android-Image-Cropper:4.3.0] AndroidManifest.xml:46:9-53:20
239            android:name="androidx.test.core.app.InstrumentationActivityInvoker$EmptyActivity"
239-->[com.github.CanHub:Android-Image-Cropper:4.3.0] AndroidManifest.xml:47:13-95
240            android:exported="true"
240-->[com.github.CanHub:Android-Image-Cropper:4.3.0] AndroidManifest.xml:48:13-36
241            android:theme="@android:style/Theme" >
241-->[com.github.CanHub:Android-Image-Cropper:4.3.0] AndroidManifest.xml:49:13-49
242            <intent-filter>
242-->[com.github.CanHub:Android-Image-Cropper:4.3.0] AndroidManifest.xml:42:13-44:29
243                <action android:name="android.intent.action.MAIN" />
243-->src/main/AndroidManifest.xml:29:9-60
243-->src/main/AndroidManifest.xml:29:17-58
244            </intent-filter>
245        </activity>
246        <activity
246-->[com.github.CanHub:Android-Image-Cropper:4.3.0] AndroidManifest.xml:54:9-61:20
247            android:name="androidx.test.core.app.InstrumentationActivityInvoker$EmptyFloatingActivity"
247-->[com.github.CanHub:Android-Image-Cropper:4.3.0] AndroidManifest.xml:55:13-103
248            android:exported="true"
248-->[com.github.CanHub:Android-Image-Cropper:4.3.0] AndroidManifest.xml:56:13-36
249            android:theme="@android:style/Theme.Dialog" >
249-->[com.github.CanHub:Android-Image-Cropper:4.3.0] AndroidManifest.xml:57:13-56
250            <intent-filter>
250-->[com.github.CanHub:Android-Image-Cropper:4.3.0] AndroidManifest.xml:42:13-44:29
251                <action android:name="android.intent.action.MAIN" />
251-->src/main/AndroidManifest.xml:29:9-60
251-->src/main/AndroidManifest.xml:29:17-58
252            </intent-filter>
253        </activity>
254
255        <provider
255-->[androidx.work:work-runtime:2.7.1] AndroidManifest.xml:31:9-39:20
256            android:name="androidx.startup.InitializationProvider"
256-->[androidx.work:work-runtime:2.7.1] AndroidManifest.xml:32:13-67
257            android:authorities="com.george.trena.androidx-startup"
257-->[androidx.work:work-runtime:2.7.1] AndroidManifest.xml:33:13-68
258            android:exported="false" >
258-->[androidx.work:work-runtime:2.7.1] AndroidManifest.xml:34:13-37
259            <meta-data
259-->[androidx.work:work-runtime:2.7.1] AndroidManifest.xml:36:13-38:52
260                android:name="androidx.work.WorkManagerInitializer"
260-->[androidx.work:work-runtime:2.7.1] AndroidManifest.xml:37:17-68
261                android:value="androidx.startup" />
261-->[androidx.work:work-runtime:2.7.1] AndroidManifest.xml:38:17-49
262            <meta-data
262-->[androidx.emoji2:emoji2:1.0.0] AndroidManifest.xml:31:13-33:52
263                android:name="androidx.emoji2.text.EmojiCompatInitializer"
263-->[androidx.emoji2:emoji2:1.0.0] AndroidManifest.xml:32:17-75
264                android:value="androidx.startup" />
264-->[androidx.emoji2:emoji2:1.0.0] AndroidManifest.xml:33:17-49
265            <meta-data
265-->[androidx.lifecycle:lifecycle-process:2.4.0] AndroidManifest.xml:31:13-33:52
266                android:name="androidx.lifecycle.ProcessLifecycleInitializer"
266-->[androidx.lifecycle:lifecycle-process:2.4.0] AndroidManifest.xml:32:17-78
267                android:value="androidx.startup" />
267-->[androidx.lifecycle:lifecycle-process:2.4.0] AndroidManifest.xml:33:17-49
268        </provider>
269
270        <service
270-->[androidx.work:work-runtime:2.7.1] AndroidManifest.xml:41:9-46:35
271            android:name="androidx.work.impl.background.systemalarm.SystemAlarmService"
271-->[androidx.work:work-runtime:2.7.1] AndroidManifest.xml:42:13-88
272            android:directBootAware="false"
272-->[androidx.work:work-runtime:2.7.1] AndroidManifest.xml:43:13-44
273            android:enabled="@bool/enable_system_alarm_service_default"
273-->[androidx.work:work-runtime:2.7.1] AndroidManifest.xml:44:13-72